<?xml version="1.0" encoding="UTF-8"?>
<coverage generated="1607035045927" clover="3.2.0">
  <project timestamp="1607035045927" name="All files">
    <metrics statements="47" coveredstatements="33" conditionals="34" coveredconditionals="22" methods="6" coveredmethods="4" elements="87" coveredelements="59" complexity="0" loc="47" ncloc="47" packages="1" files="2" classes="2"/>
    <file name="bst-node.js" path="C:\Users\14252\Desktop\CS-testing-environment\src\bst-node.js">
      <metrics statements="3" coveredstatements="3" conditionals="0" coveredconditionals="0" methods="1" coveredmethods="1"/>
      <line num="3" count="57" type="stmt"/>
      <line num="4" count="57" type="stmt"/>
      <line num="5" count="57" type="stmt"/>
    </file>
    <file name="bst.js" path="C:\Users\14252\Desktop\CS-testing-environment\src\bst.js">
      <metrics statements="44" coveredstatements="30" conditionals="34" coveredconditionals="22" methods="5" coveredmethods="3"/>
      <line num="3" count="2" type="stmt"/>
      <line num="6" count="6" type="cond" truecount="1" falsecount="1"/>
      <line num="7" count="0" type="stmt"/>
      <line num="9" count="6" type="stmt"/>
      <line num="10" count="6" type="stmt"/>
      <line num="11" count="11" type="cond" truecount="2" falsecount="0"/>
      <line num="12" count="4" type="cond" truecount="4" falsecount="0"/>
      <line num="13" count="1" type="stmt"/>
      <line num="14" count="1" type="stmt"/>
      <line num="16" count="3" type="stmt"/>
      <line num="18" count="7" type="cond" truecount="2" falsecount="0"/>
      <line num="19" count="2" type="stmt"/>
      <line num="20" count="5" type="cond" truecount="1" falsecount="1"/>
      <line num="21" count="5" type="stmt"/>
      <line num="23" count="7" type="cond" truecount="2" falsecount="0"/>
      <line num="24" count="2" type="stmt"/>
      <line num="30" count="0" type="cond" truecount="0" falsecount="2"/>
      <line num="31" count="0" type="stmt"/>
      <line num="33" count="0" type="stmt"/>
      <line num="34" count="0" type="stmt"/>
      <line num="35" count="0" type="cond" truecount="0" falsecount="2"/>
      <line num="36" count="0" type="stmt"/>
      <line num="37" count="0" type="cond" truecount="0" falsecount="2"/>
      <line num="38" count="0" type="stmt"/>
      <line num="39" count="0" type="cond" truecount="0" falsecount="2"/>
      <line num="40" count="0" type="stmt"/>
      <line num="42" count="0" type="cond" truecount="0" falsecount="2"/>
      <line num="43" count="0" type="stmt"/>
      <line num="50" count="0" type="stmt"/>
      <line num="53" count="50" type="cond" truecount="2" falsecount="0"/>
      <line num="54" count="2" type="stmt"/>
      <line num="56" count="48" type="stmt"/>
      <line num="57" count="48" type="stmt"/>
      <line num="58" count="112" type="cond" truecount="2" falsecount="0"/>
      <line num="59" count="35" type="cond" truecount="2" falsecount="0"/>
      <line num="60" count="3" type="stmt"/>
      <line num="61" count="3" type="stmt"/>
      <line num="63" count="32" type="stmt"/>
      <line num="65" count="77" type="cond" truecount="2" falsecount="0"/>
      <line num="66" count="35" type="cond" truecount="2" falsecount="0"/>
      <line num="67" count="3" type="stmt"/>
      <line num="68" count="3" type="stmt"/>
      <line num="70" count="32" type="stmt"/>
      <line num="74" count="42" type="stmt"/>
    </file>
  </project>
</coverage>
