<?xml version="1.0" encoding="UTF-8"?>
<coverage generated="1606946136200" clover="3.2.0">
  <project timestamp="1606946136201" name="All files">
    <metrics statements="32" coveredstatements="32" conditionals="20" coveredconditionals="19" methods="5" coveredmethods="5" elements="57" coveredelements="56" complexity="0" loc="32" ncloc="32" packages="1" files="2" classes="2"/>
    <file name="bst-node.js" path="C:\Users\14252\Desktop\CS-testing-environment\src\bst-node.js">
      <metrics statements="3" coveredstatements="3" conditionals="0" coveredconditionals="0" methods="1" coveredmethods="1"/>
      <line num="3" count="116" type="stmt"/>
      <line num="4" count="116" type="stmt"/>
      <line num="5" count="116" type="stmt"/>
    </file>
    <file name="bst.js" path="C:\Users\14252\Desktop\CS-testing-environment\src\bst.js">
      <metrics statements="29" coveredstatements="29" conditionals="20" coveredconditionals="19" methods="4" coveredmethods="4"/>
      <line num="3" count="10" type="stmt"/>
      <line num="6" count="4" type="cond" truecount="2" falsecount="0"/>
      <line num="7" count="1" type="stmt"/>
      <line num="9" count="3" type="stmt"/>
      <line num="10" count="3" type="stmt"/>
      <line num="11" count="8" type="cond" truecount="2" falsecount="0"/>
      <line num="12" count="2" type="stmt"/>
      <line num="13" count="6" type="cond" truecount="2" falsecount="0"/>
      <line num="14" count="1" type="stmt"/>
      <line num="15" count="5" type="cond" truecount="1" falsecount="1"/>
      <line num="16" count="5" type="stmt"/>
      <line num="18" count="6" type="cond" truecount="2" falsecount="0"/>
      <line num="19" count="1" type="stmt"/>
      <line num="26" count="1" type="stmt"/>
      <line num="29" count="113" type="cond" truecount="2" falsecount="0"/>
      <line num="30" count="8" type="stmt"/>
      <line num="32" count="105" type="stmt"/>
      <line num="33" count="105" type="stmt"/>
      <line num="34" count="236" type="cond" truecount="2" falsecount="0"/>
      <line num="35" count="76" type="cond" truecount="2" falsecount="0"/>
      <line num="36" count="10" type="stmt"/>
      <line num="37" count="10" type="stmt"/>
      <line num="39" count="66" type="stmt"/>
      <line num="41" count="160" type="cond" truecount="2" falsecount="0"/>
      <line num="42" count="75" type="cond" truecount="2" falsecount="0"/>
      <line num="43" count="10" type="stmt"/>
      <line num="44" count="10" type="stmt"/>
      <line num="46" count="65" type="stmt"/>
      <line num="50" count="85" type="stmt"/>
    </file>
  </project>
</coverage>
