{"C:\\Users\\14252\\Desktop\\CS-testing-environment\\src\\bst-node.js": {"path":"C:\\Users\\14252\\Desktop\\CS-testing-environment\\src\\bst-node.js","statementMap":{"0":{"start":{"line":3,"column":4},"end":{"line":3,"column":21}},"1":{"start":{"line":4,"column":4},"end":{"line":4,"column":21}},"2":{"start":{"line":5,"column":4},"end":{"line":5,"column":22}}},"fnMap":{"0":{"name":"(anonymous_0)","decl":{"start":{"line":2,"column":2},"end":{"line":2,"column":3}},"loc":{"start":{"line":2,"column":20},"end":{"line":6,"column":3}},"line":2}},"branchMap":{},"s":{"0":116,"1":116,"2":116},"f":{"0":116},"b":{},"_coverageSchema":"43e27e138ebf9cfc5966b082cf9a028302ed4184","hash":"ff4f903681fdbf756def4a760374dd856c13b7f6"}
,"C:\\Users\\14252\\Desktop\\CS-testing-environment\\src\\bst.js": {"path":"C:\\Users\\14252\\Desktop\\CS-testing-environment\\src\\bst.js","statementMap":{"0":{"start":{"line":3,"column":4},"end":{"line":3,"column":21}},"1":{"start":{"line":6,"column":4},"end":{"line":22,"column":5}},"2":{"start":{"line":7,"column":6},"end":{"line":7,"column":18}},"3":{"start":{"line":9,"column":24},"end":{"line":9,"column":33}},"4":{"start":{"line":10,"column":6},"end":{"line":21,"column":7}},"5":{"start":{"line":11,"column":8},"end":{"line":17,"column":9}},"6":{"start":{"line":12,"column":10},"end":{"line":12,"column":22}},"7":{"start":{"line":13,"column":15},"end":{"line":17,"column":9}},"8":{"start":{"line":14,"column":10},"end":{"line":14,"column":41}},"9":{"start":{"line":15,"column":15},"end":{"line":17,"column":9}},"10":{"start":{"line":16,"column":10},"end":{"line":16,"column":42}},"11":{"start":{"line":18,"column":8},"end":{"line":20,"column":9}},"12":{"start":{"line":19,"column":10},"end":{"line":19,"column":23}},"13":{"start":{"line":26,"column":4},"end":{"line":26,"column":21}},"14":{"start":{"line":29,"column":4},"end":{"line":53,"column":5}},"15":{"start":{"line":30,"column":6},"end":{"line":30,"column":31}},"16":{"start":{"line":32,"column":24},"end":{"line":32,"column":33}},"17":{"start":{"line":33,"column":6},"end":{"line":52,"column":7}},"18":{"start":{"line":34,"column":8},"end":{"line":51,"column":9}},"19":{"start":{"line":35,"column":10},"end":{"line":40,"column":11}},"20":{"start":{"line":36,"column":12},"end":{"line":36,"column":44}},"21":{"start":{"line":37,"column":12},"end":{"line":37,"column":24}},"22":{"start":{"line":39,"column":12},"end":{"line":39,"column":43}},"23":{"start":{"line":41,"column":15},"end":{"line":51,"column":9}},"24":{"start":{"line":42,"column":10},"end":{"line":47,"column":11}},"25":{"start":{"line":43,"column":12},"end":{"line":43,"column":45}},"26":{"start":{"line":44,"column":12},"end":{"line":44,"column":24}},"27":{"start":{"line":46,"column":12},"end":{"line":46,"column":43}},"28":{"start":{"line":50,"column":10},"end":{"line":50,"column":22}}},"fnMap":{"0":{"name":"(anonymous_0)","decl":{"start":{"line":2,"column":2},"end":{"line":2,"column":3}},"loc":{"start":{"line":2,"column":16},"end":{"line":4,"column":3}},"line":2},"1":{"name":"(anonymous_1)","decl":{"start":{"line":5,"column":2},"end":{"line":5,"column":3}},"loc":{"start":{"line":5,"column":16},"end":{"line":23,"column":3}},"line":5},"2":{"name":"(anonymous_2)","decl":{"start":{"line":25,"column":2},"end":{"line":25,"column":3}},"loc":{"start":{"line":25,"column":19},"end":{"line":27,"column":3}},"line":25},"3":{"name":"(anonymous_3)","decl":{"start":{"line":28,"column":2},"end":{"line":28,"column":3}},"loc":{"start":{"line":28,"column":23},"end":{"line":54,"column":3}},"line":28}},"branchMap":{"0":{"loc":{"start":{"line":6,"column":4},"end":{"line":22,"column":5}},"type":"if","locations":[{"start":{"line":6,"column":4},"end":{"line":22,"column":5}},{"start":{"line":6,"column":4},"end":{"line":22,"column":5}}],"line":6},"1":{"loc":{"start":{"line":11,"column":8},"end":{"line":17,"column":9}},"type":"if","locations":[{"start":{"line":11,"column":8},"end":{"line":17,"column":9}},{"start":{"line":11,"column":8},"end":{"line":17,"column":9}}],"line":11},"2":{"loc":{"start":{"line":13,"column":15},"end":{"line":17,"column":9}},"type":"if","locations":[{"start":{"line":13,"column":15},"end":{"line":17,"column":9}},{"start":{"line":13,"column":15},"end":{"line":17,"column":9}}],"line":13},"3":{"loc":{"start":{"line":15,"column":15},"end":{"line":17,"column":9}},"type":"if","locations":[{"start":{"line":15,"column":15},"end":{"line":17,"column":9}},{"start":{"line":15,"column":15},"end":{"line":17,"column":9}}],"line":15},"4":{"loc":{"start":{"line":18,"column":8},"end":{"line":20,"column":9}},"type":"if","locations":[{"start":{"line":18,"column":8},"end":{"line":20,"column":9}},{"start":{"line":18,"column":8},"end":{"line":20,"column":9}}],"line":18},"5":{"loc":{"start":{"line":29,"column":4},"end":{"line":53,"column":5}},"type":"if","locations":[{"start":{"line":29,"column":4},"end":{"line":53,"column":5}},{"start":{"line":29,"column":4},"end":{"line":53,"column":5}}],"line":29},"6":{"loc":{"start":{"line":34,"column":8},"end":{"line":51,"column":9}},"type":"if","locations":[{"start":{"line":34,"column":8},"end":{"line":51,"column":9}},{"start":{"line":34,"column":8},"end":{"line":51,"column":9}}],"line":34},"7":{"loc":{"start":{"line":35,"column":10},"end":{"line":40,"column":11}},"type":"if","locations":[{"start":{"line":35,"column":10},"end":{"line":40,"column":11}},{"start":{"line":35,"column":10},"end":{"line":40,"column":11}}],"line":35},"8":{"loc":{"start":{"line":41,"column":15},"end":{"line":51,"column":9}},"type":"if","locations":[{"start":{"line":41,"column":15},"end":{"line":51,"column":9}},{"start":{"line":41,"column":15},"end":{"line":51,"column":9}}],"line":41},"9":{"loc":{"start":{"line":42,"column":10},"end":{"line":47,"column":11}},"type":"if","locations":[{"start":{"line":42,"column":10},"end":{"line":47,"column":11}},{"start":{"line":42,"column":10},"end":{"line":47,"column":11}}],"line":42}},"s":{"0":10,"1":4,"2":1,"3":3,"4":3,"5":8,"6":2,"7":6,"8":1,"9":5,"10":5,"11":6,"12":1,"13":1,"14":113,"15":8,"16":105,"17":105,"18":236,"19":76,"20":10,"21":10,"22":66,"23":160,"24":75,"25":10,"26":10,"27":65,"28":85},"f":{"0":10,"1":4,"2":1,"3":113},"b":{"0":[1,3],"1":[2,6],"2":[1,5],"3":[5,0],"4":[1,5],"5":[8,105],"6":[76,160],"7":[10,66],"8":[75,85],"9":[10,65]},"_coverageSchema":"43e27e138ebf9cfc5966b082cf9a028302ed4184","hash":"041ac1594d504507f70d4cf5ab94fdc8ca45a254"}
}
