{"C:\\Users\\14252\\Desktop\\CS-testing-environment\\src\\bst-node.js": {"path":"C:\\Users\\14252\\Desktop\\CS-testing-environment\\src\\bst-node.js","statementMap":{"0":{"start":{"line":3,"column":4},"end":{"line":3,"column":21}},"1":{"start":{"line":4,"column":4},"end":{"line":4,"column":21}},"2":{"start":{"line":5,"column":4},"end":{"line":5,"column":22}}},"fnMap":{"0":{"name":"(anonymous_0)","decl":{"start":{"line":2,"column":2},"end":{"line":2,"column":3}},"loc":{"start":{"line":2,"column":20},"end":{"line":6,"column":3}},"line":2}},"branchMap":{},"s":{"0":57,"1":57,"2":57},"f":{"0":57},"b":{},"_coverageSchema":"43e27e138ebf9cfc5966b082cf9a028302ed4184","hash":"ff4f903681fdbf756def4a760374dd856c13b7f6"}
,"C:\\Users\\14252\\Desktop\\CS-testing-environment\\src\\bst.js": {"path":"C:\\Users\\14252\\Desktop\\CS-testing-environment\\src\\bst.js","statementMap":{"0":{"start":{"line":3,"column":4},"end":{"line":3,"column":21}},"1":{"start":{"line":6,"column":4},"end":{"line":27,"column":7}},"2":{"start":{"line":7,"column":6},"end":{"line":7,"column":18}},"3":{"start":{"line":9,"column":26},"end":{"line":9,"column":35}},"4":{"start":{"line":10,"column":8},"end":{"line":26,"column":9}},"5":{"start":{"line":11,"column":10},"end":{"line":22,"column":11}},"6":{"start":{"line":12,"column":12},"end":{"line":15,"column":13}},"7":{"start":{"line":13,"column":14},"end":{"line":13,"column":33}},"8":{"start":{"line":14,"column":14},"end":{"line":14,"column":31}},"9":{"start":{"line":16,"column":12},"end":{"line":16,"column":24}},"10":{"start":{"line":18,"column":15},"end":{"line":22,"column":11}},"11":{"start":{"line":19,"column":12},"end":{"line":19,"column":43}},"12":{"start":{"line":20,"column":17},"end":{"line":22,"column":11}},"13":{"start":{"line":21,"column":12},"end":{"line":21,"column":44}},"14":{"start":{"line":23,"column":10},"end":{"line":25,"column":11}},"15":{"start":{"line":24,"column":12},"end":{"line":24,"column":25}},"16":{"start":{"line":30,"column":4},"end":{"line":46,"column":5}},"17":{"start":{"line":31,"column":6},"end":{"line":31,"column":18}},"18":{"start":{"line":33,"column":24},"end":{"line":33,"column":33}},"19":{"start":{"line":34,"column":6},"end":{"line":45,"column":7}},"20":{"start":{"line":35,"column":8},"end":{"line":41,"column":9}},"21":{"start":{"line":36,"column":10},"end":{"line":36,"column":22}},"22":{"start":{"line":37,"column":15},"end":{"line":41,"column":9}},"23":{"start":{"line":38,"column":10},"end":{"line":38,"column":41}},"24":{"start":{"line":39,"column":15},"end":{"line":41,"column":9}},"25":{"start":{"line":40,"column":10},"end":{"line":40,"column":42}},"26":{"start":{"line":42,"column":8},"end":{"line":44,"column":9}},"27":{"start":{"line":43,"column":10},"end":{"line":43,"column":23}},"28":{"start":{"line":50,"column":4},"end":{"line":50,"column":21}},"29":{"start":{"line":53,"column":4},"end":{"line":77,"column":5}},"30":{"start":{"line":54,"column":6},"end":{"line":54,"column":31}},"31":{"start":{"line":56,"column":24},"end":{"line":56,"column":33}},"32":{"start":{"line":57,"column":6},"end":{"line":76,"column":7}},"33":{"start":{"line":58,"column":8},"end":{"line":75,"column":9}},"34":{"start":{"line":59,"column":10},"end":{"line":64,"column":11}},"35":{"start":{"line":60,"column":12},"end":{"line":60,"column":44}},"36":{"start":{"line":61,"column":12},"end":{"line":61,"column":24}},"37":{"start":{"line":63,"column":12},"end":{"line":63,"column":43}},"38":{"start":{"line":65,"column":15},"end":{"line":75,"column":9}},"39":{"start":{"line":66,"column":10},"end":{"line":71,"column":11}},"40":{"start":{"line":67,"column":12},"end":{"line":67,"column":45}},"41":{"start":{"line":68,"column":12},"end":{"line":68,"column":24}},"42":{"start":{"line":70,"column":12},"end":{"line":70,"column":43}},"43":{"start":{"line":74,"column":10},"end":{"line":74,"column":22}}},"fnMap":{"0":{"name":"(anonymous_0)","decl":{"start":{"line":2,"column":2},"end":{"line":2,"column":3}},"loc":{"start":{"line":2,"column":16},"end":{"line":4,"column":3}},"line":2},"1":{"name":"(anonymous_1)","decl":{"start":{"line":5,"column":2},"end":{"line":5,"column":3}},"loc":{"start":{"line":5,"column":21},"end":{"line":28,"column":5}},"line":5},"2":{"name":"(anonymous_2)","decl":{"start":{"line":29,"column":2},"end":{"line":29,"column":3}},"loc":{"start":{"line":29,"column":16},"end":{"line":47,"column":3}},"line":29},"3":{"name":"(anonymous_3)","decl":{"start":{"line":49,"column":2},"end":{"line":49,"column":3}},"loc":{"start":{"line":49,"column":19},"end":{"line":51,"column":3}},"line":49},"4":{"name":"(anonymous_4)","decl":{"start":{"line":52,"column":2},"end":{"line":52,"column":3}},"loc":{"start":{"line":52,"column":23},"end":{"line":78,"column":3}},"line":52}},"branchMap":{"0":{"loc":{"start":{"line":6,"column":4},"end":{"line":27,"column":7}},"type":"if","locations":[{"start":{"line":6,"column":4},"end":{"line":27,"column":7}},{"start":{"line":6,"column":4},"end":{"line":27,"column":7}}],"line":6},"1":{"loc":{"start":{"line":11,"column":10},"end":{"line":22,"column":11}},"type":"if","locations":[{"start":{"line":11,"column":10},"end":{"line":22,"column":11}},{"start":{"line":11,"column":10},"end":{"line":22,"column":11}}],"line":11},"2":{"loc":{"start":{"line":12,"column":12},"end":{"line":15,"column":13}},"type":"if","locations":[{"start":{"line":12,"column":12},"end":{"line":15,"column":13}},{"start":{"line":12,"column":12},"end":{"line":15,"column":13}}],"line":12},"3":{"loc":{"start":{"line":12,"column":16},"end":{"line":12,"column":71}},"type":"binary-expr","locations":[{"start":{"line":12,"column":16},"end":{"line":12,"column":41}},{"start":{"line":12,"column":45},"end":{"line":12,"column":71}}],"line":12},"4":{"loc":{"start":{"line":18,"column":15},"end":{"line":22,"column":11}},"type":"if","locations":[{"start":{"line":18,"column":15},"end":{"line":22,"column":11}},{"start":{"line":18,"column":15},"end":{"line":22,"column":11}}],"line":18},"5":{"loc":{"start":{"line":20,"column":17},"end":{"line":22,"column":11}},"type":"if","locations":[{"start":{"line":20,"column":17},"end":{"line":22,"column":11}},{"start":{"line":20,"column":17},"end":{"line":22,"column":11}}],"line":20},"6":{"loc":{"start":{"line":23,"column":10},"end":{"line":25,"column":11}},"type":"if","locations":[{"start":{"line":23,"column":10},"end":{"line":25,"column":11}},{"start":{"line":23,"column":10},"end":{"line":25,"column":11}}],"line":23},"7":{"loc":{"start":{"line":30,"column":4},"end":{"line":46,"column":5}},"type":"if","locations":[{"start":{"line":30,"column":4},"end":{"line":46,"column":5}},{"start":{"line":30,"column":4},"end":{"line":46,"column":5}}],"line":30},"8":{"loc":{"start":{"line":35,"column":8},"end":{"line":41,"column":9}},"type":"if","locations":[{"start":{"line":35,"column":8},"end":{"line":41,"column":9}},{"start":{"line":35,"column":8},"end":{"line":41,"column":9}}],"line":35},"9":{"loc":{"start":{"line":37,"column":15},"end":{"line":41,"column":9}},"type":"if","locations":[{"start":{"line":37,"column":15},"end":{"line":41,"column":9}},{"start":{"line":37,"column":15},"end":{"line":41,"column":9}}],"line":37},"10":{"loc":{"start":{"line":39,"column":15},"end":{"line":41,"column":9}},"type":"if","locations":[{"start":{"line":39,"column":15},"end":{"line":41,"column":9}},{"start":{"line":39,"column":15},"end":{"line":41,"column":9}}],"line":39},"11":{"loc":{"start":{"line":42,"column":8},"end":{"line":44,"column":9}},"type":"if","locations":[{"start":{"line":42,"column":8},"end":{"line":44,"column":9}},{"start":{"line":42,"column":8},"end":{"line":44,"column":9}}],"line":42},"12":{"loc":{"start":{"line":53,"column":4},"end":{"line":77,"column":5}},"type":"if","locations":[{"start":{"line":53,"column":4},"end":{"line":77,"column":5}},{"start":{"line":53,"column":4},"end":{"line":77,"column":5}}],"line":53},"13":{"loc":{"start":{"line":58,"column":8},"end":{"line":75,"column":9}},"type":"if","locations":[{"start":{"line":58,"column":8},"end":{"line":75,"column":9}},{"start":{"line":58,"column":8},"end":{"line":75,"column":9}}],"line":58},"14":{"loc":{"start":{"line":59,"column":10},"end":{"line":64,"column":11}},"type":"if","locations":[{"start":{"line":59,"column":10},"end":{"line":64,"column":11}},{"start":{"line":59,"column":10},"end":{"line":64,"column":11}}],"line":59},"15":{"loc":{"start":{"line":65,"column":15},"end":{"line":75,"column":9}},"type":"if","locations":[{"start":{"line":65,"column":15},"end":{"line":75,"column":9}},{"start":{"line":65,"column":15},"end":{"line":75,"column":9}}],"line":65},"16":{"loc":{"start":{"line":66,"column":10},"end":{"line":71,"column":11}},"type":"if","locations":[{"start":{"line":66,"column":10},"end":{"line":71,"column":11}},{"start":{"line":66,"column":10},"end":{"line":71,"column":11}}],"line":66}},"s":{"0":2,"1":6,"2":0,"3":6,"4":6,"5":11,"6":4,"7":1,"8":1,"9":3,"10":7,"11":2,"12":5,"13":5,"14":7,"15":2,"16":0,"17":0,"18":0,"19":0,"20":0,"21":0,"22":0,"23":0,"24":0,"25":0,"26":0,"27":0,"28":0,"29":50,"30":2,"31":48,"32":48,"33":112,"34":35,"35":3,"36":3,"37":32,"38":77,"39":35,"40":3,"41":3,"42":32,"43":42},"f":{"0":2,"1":6,"2":0,"3":0,"4":50},"b":{"0":[0,6],"1":[4,7],"2":[1,3],"3":[4,1],"4":[2,5],"5":[5,0],"6":[2,5],"7":[0,0],"8":[0,0],"9":[0,0],"10":[0,0],"11":[0,0],"12":[2,48],"13":[35,77],"14":[3,32],"15":[35,42],"16":[3,32]},"_coverageSchema":"43e27e138ebf9cfc5966b082cf9a028302ed4184","hash":"eb1bb7ee9aff43d63722cb794a2ad6f43abb8ae4"}
}
