TN:
SF:C:\Users\14252\Desktop\CS-testing-environment\src\bst-node.js
FN:2,(anonymous_0)
FNF:1
FNH:1
FNDA:57,(anonymous_0)
DA:3,57
DA:4,57
DA:5,57
LF:3
LH:3
BRF:0
BRH:0
end_of_record
TN:
SF:C:\Users\14252\Desktop\CS-testing-environment\src\bst.js
FN:2,(anonymous_0)
FN:5,(anonymous_1)
FN:29,(anonymous_2)
FN:49,(anonymous_3)
FN:52,(anonymous_4)
FNF:5
FNH:3
FNDA:2,(anonymous_0)
FNDA:6,(anonymous_1)
FNDA:0,(anonymous_2)
FNDA:0,(anonymous_3)
FNDA:50,(anonymous_4)
DA:3,2
DA:6,6
DA:7,0
DA:9,6
DA:10,6
DA:11,11
DA:12,4
DA:13,1
DA:14,1
DA:16,3
DA:18,7
DA:19,2
DA:20,5
DA:21,5
DA:23,7
DA:24,2
DA:30,0
DA:31,0
DA:33,0
DA:34,0
DA:35,0
DA:36,0
DA:37,0
DA:38,0
DA:39,0
DA:40,0
DA:42,0
DA:43,0
DA:50,0
DA:53,50
DA:54,2
DA:56,48
DA:57,48
DA:58,112
DA:59,35
DA:60,3
DA:61,3
DA:63,32
DA:65,77
DA:66,35
DA:67,3
DA:68,3
DA:70,32
DA:74,42
LF:44
LH:30
BRDA:6,0,0,0
BRDA:6,0,1,6
BRDA:11,1,0,4
BRDA:11,1,1,7
BRDA:12,2,0,1
BRDA:12,2,1,3
BRDA:12,3,0,4
BRDA:12,3,1,1
BRDA:18,4,0,2
BRDA:18,4,1,5
BRDA:20,5,0,5
BRDA:20,5,1,0
BRDA:23,6,0,2
BRDA:23,6,1,5
BRDA:30,7,0,0
BRDA:30,7,1,0
BRDA:35,8,0,0
BRDA:35,8,1,0
BRDA:37,9,0,0
BRDA:37,9,1,0
BRDA:39,10,0,0
BRDA:39,10,1,0
BRDA:42,11,0,0
BRDA:42,11,1,0
BRDA:53,12,0,2
BRDA:53,12,1,48
BRDA:58,13,0,35
BRDA:58,13,1,77
BRDA:59,14,0,3
BRDA:59,14,1,32
BRDA:65,15,0,35
BRDA:65,15,1,42
BRDA:66,16,0,3
BRDA:66,16,1,32
BRF:34
BRH:22
end_of_record
