TN:
SF:C:\Users\14252\Desktop\CS-testing-environment\src\bst-node.js
FN:2,(anonymous_0)
FNF:1
FNH:1
FNDA:116,(anonymous_0)
DA:3,116
DA:4,116
DA:5,116
LF:3
LH:3
BRF:0
BRH:0
end_of_record
TN:
SF:C:\Users\14252\Desktop\CS-testing-environment\src\bst.js
FN:2,(anonymous_0)
FN:5,(anonymous_1)
FN:25,(anonymous_2)
FN:28,(anonymous_3)
FNF:4
FNH:4
FNDA:10,(anonymous_0)
FNDA:4,(anonymous_1)
FNDA:1,(anonymous_2)
FNDA:113,(anonymous_3)
DA:3,10
DA:6,4
DA:7,1
DA:9,3
DA:10,3
DA:11,8
DA:12,2
DA:13,6
DA:14,1
DA:15,5
DA:16,5
DA:18,6
DA:19,1
DA:26,1
DA:29,113
DA:30,8
DA:32,105
DA:33,105
DA:34,236
DA:35,76
DA:36,10
DA:37,10
DA:39,66
DA:41,160
DA:42,75
DA:43,10
DA:44,10
DA:46,65
DA:50,85
LF:29
LH:29
BRDA:6,0,0,1
BRDA:6,0,1,3
BRDA:11,1,0,2
BRDA:11,1,1,6
BRDA:13,2,0,1
BRDA:13,2,1,5
BRDA:15,3,0,5
BRDA:15,3,1,0
BRDA:18,4,0,1
BRDA:18,4,1,5
BRDA:29,5,0,8
BRDA:29,5,1,105
BRDA:34,6,0,76
BRDA:34,6,1,160
BRDA:35,7,0,10
BRDA:35,7,1,66
BRDA:41,8,0,75
BRDA:41,8,1,85
BRDA:42,9,0,10
BRDA:42,9,1,65
BRF:20
BRH:19
end_of_record
